<?xml version="1.0" encoding="UTF-8"?>
<testng-results ignored="0" total="1" passed="1" failed="0" skipped="0">
  <reporter-output>
  </reporter-output>
  <suite started-at="2023-01-12T12:56:08 IST" name="Default suite" finished-at="2023-01-12T12:56:17 IST" duration-ms="8814">
    <groups>
    </groups>
    <test started-at="2023-01-12T12:56:08 IST" name="Default test" finished-at="2023-01-12T12:56:17 IST" duration-ms="8814">
      <class name="zohocrm.testscript.amazon">
        <test-method is-config="true" signature="launchbro()[pri:0, instance:zohocrm.testscript.amazon@3ee37e5a]" started-at="2023-01-12T12:56:08 IST" name="launchbro" finished-at="2023-01-12T12:56:12 IST" duration-ms="3665" status="PASS">
          <reporter-output>
          </reporter-output>
        </test-method> <!-- launchbro -->
        <test-method signature="dynamic()[pri:0, instance:zohocrm.testscript.amazon@3ee37e5a]" started-at="2023-01-12T12:56:12 IST" name="dynamic" finished-at="2023-01-12T12:56:17 IST" duration-ms="5104" status="PASS">
          <reporter-output>
          </reporter-output>
        </test-method> <!-- dynamic -->
      </class> <!-- zohocrm.testscript.amazon -->
    </test> <!-- Default test -->
  </suite> <!-- Default suite -->
</testng-results>
